Configuration file: /home/christian/Madchristian.github.io/_config.yml
            Source: /home/christian/Madchristian.github.io
       Destination: /home/christian/Madchristian.github.io/_site
 Incremental build: disabled. Enable with --incremental
      Generating... 
                    done in 3.311 seconds.
 Auto-regeneration: enabled for '/home/christian/Madchristian.github.io'
      Regenerating: 1 file(s) changed at 2023-07-02 09:38:22
                    nohup.out
                    ...done in 3.814487301 seconds.
                    
      Regenerating: 1 file(s) changed at 2023-07-02 09:38:26
                    nohup.out
                    ...done in 3.559848357 seconds.
                    
      Regenerating: 1 file(s) changed at 2023-07-02 09:38:30
                    nohup.out
                    ...done in 3.086383821 seconds.
                    
      Regenerating: 1 file(s) changed at 2023-07-02 09:38:33
                    nohup.out
                    ...done in 3.132129356 seconds.
                    
      Regenerating: 1 file(s) changed at 2023-07-02 09:38:36
                    nohup.out
                    ...done in 3.093043594 seconds.
                    
      Regenerating: 1 file(s) changed at 2023-07-02 09:38:39
                    nohup.out
                    ...done in 3.460923817 seconds.
                    
      Regenerating: 1 file(s) changed at 2023-07-02 09:38:43
                    nohup.out
                    ...done in 3.201926854 seconds.
                    
      Regenerating: 1 file(s) changed at 2023-07-02 09:38:46
                    nohup.out
                    ...done in 3.159486972 seconds.
                    
      Regenerating: 1 file(s) changed at 2023-07-02 09:38:49
                    nohup.out
                    ...done in 3.232938838 seconds.
                    
      Regenerating: 1 file(s) changed at 2023-07-02 09:38:53
                    nohup.out
                    ...done in 3.167412126 seconds.
                    
      Regenerating: 1 file(s) changed at 2023-07-02 09:38:56
                    nohup.out
                    ...done in 3.211348006 seconds.
                    
      Regenerating: 1 file(s) changed at 2023-07-02 09:38:59
                    nohup.out
                    ...done in 3.328311607 seconds.
                    
      Regenerating: 1 file(s) changed at 2023-07-02 09:39:03
                    nohup.out
                    ...done in 3.239471849 seconds.
                    
      Regenerating: 1 file(s) changed at 2023-07-02 09:39:06
                    nohup.out
                    ...done in 3.126376889 seconds.
                    
      Regenerating: 1 file(s) changed at 2023-07-02 09:39:09
                    nohup.out
                    ...done in 3.20800492 seconds.
                    
      Regenerating: 1 file(s) changed at 2023-07-02 09:39:13
                    nohup.out
                    ...done in 3.252189573 seconds.
                    
      Regenerating: 1 file(s) changed at 2023-07-02 09:39:16
                    nohup.out
                    ...done in 3.166146674 seconds.
                    
      Regenerating: 1 file(s) changed at 2023-07-02 09:39:19
                    nohup.out
                    ...done in 3.268158822 seconds.
                    
      Regenerating: 1 file(s) changed at 2023-07-02 09:39:23
                    nohup.out
                    ...done in 3.305937646 seconds.
                    
      Regenerating: 1 file(s) changed at 2023-07-02 09:39:26
                    nohup.out
                    ...done in 3.24955335 seconds.
                    
      Regenerating: 1 file(s) changed at 2023-07-02 09:39:29
                    nohup.out
                    ...done in 3.239699252 seconds.
                    
      Regenerating: 1 file(s) changed at 2023-07-02 09:39:33
                    nohup.out
                    ...done in 3.14658361 seconds.
                    
      Regenerating: 1 file(s) changed at 2023-07-02 09:39:36
                    nohup.out
                    ...done in 3.299142451 seconds.
                    
      Regenerating: 1 file(s) changed at 2023-07-02 09:39:39
                    nohup.out
                    ...done in 3.293609566 seconds.
                    
      Regenerating: 1 file(s) changed at 2023-07-02 09:39:43
                    nohup.out
                    ...done in 3.103781531 seconds.
                    
      Regenerating: 1 file(s) changed at 2023-07-02 09:39:46
                    nohup.out
                    ...done in 3.27659284 seconds.
                    
      Regenerating: 1 file(s) changed at 2023-07-02 09:39:49
                    nohup.out
                    ...done in 3.159911885 seconds.
                    
      Regenerating: 1 file(s) changed at 2023-07-02 09:39:53
                    nohup.out
                    ...done in 3.18394192 seconds.
                    
      Regenerating: 1 file(s) changed at 2023-07-02 09:39:56
                    nohup.out
                    ...done in 3.293102659 seconds.
                    
      Regenerating: 1 file(s) changed at 2023-07-02 09:39:59
                    nohup.out
                    ...done in 3.270132393 seconds.
                    
      Regenerating: 1 file(s) changed at 2023-07-02 09:40:03
                    nohup.out
                    ...done in 3.314767872 seconds.
                    
      Regenerating: 1 file(s) changed at 2023-07-02 09:40:06
                    nohup.out
                    ...done in 3.227531947 seconds.
                    
      Regenerating: 1 file(s) changed at 2023-07-02 09:40:09
                    nohup.out
                    ...done in 3.317960869 seconds.
                    
      Regenerating: 1 file(s) changed at 2023-07-02 09:40:13
                    nohup.out
                    ...done in 3.195993638 seconds.
                    
      Regenerating: 1 file(s) changed at 2023-07-02 09:40:16
                    nohup.out
                    ...done in 3.281289727 seconds.
                    
      Regenerating: 1 file(s) changed at 2023-07-02 09:40:19
                    nohup.out
                    ...done in 3.326475484 seconds.
                    
      Regenerating: 1 file(s) changed at 2023-07-02 09:40:23
                    nohup.out
                    ...done in 3.185859269 seconds.
                    
      Regenerating: 1 file(s) changed at 2023-07-02 09:40:26
                    nohup.out
                    ...done in 3.204997979 seconds.
                    
      Regenerating: 1 file(s) changed at 2023-07-02 09:40:30
                    nohup.out
                    ...done in 3.37533691 seconds.
                    
      Regenerating: 1 file(s) changed at 2023-07-02 09:40:33
                    nohup.out
                    ...done in 3.508434376 seconds.
                    
      Regenerating: 1 file(s) changed at 2023-07-02 09:40:37
                    nohup.out
                    ...done in 3.209340213 seconds.
                    
      Regenerating: 1 file(s) changed at 2023-07-02 09:40:40
                    nohup.out
                    ...done in 3.245364556 seconds.
                    
      Regenerating: 1 file(s) changed at 2023-07-02 09:40:43
                    nohup.out
                    ...done in 3.286757799 seconds.
                    
      Regenerating: 1 file(s) changed at 2023-07-02 09:40:47
                    nohup.out
                    ...done in 3.284362179 seconds.
                    
      Regenerating: 1 file(s) changed at 2023-07-02 09:40:50
                    nohup.out
                    ...done in 3.28695524 seconds.
                    
      Regenerating: 1 file(s) changed at 2023-07-02 09:40:53
                    nohup.out
                    ...done in 3.487732551 seconds.
                    
      Regenerating: 1 file(s) changed at 2023-07-02 09:40:57
                    nohup.out
                    ...done in 3.297852485 seconds.
                    
      Regenerating: 1 file(s) changed at 2023-07-02 09:41:00
                    nohup.out
                    ...done in 3.32417345 seconds.
                    
      Regenerating: 1 file(s) changed at 2023-07-02 09:41:04
                    nohup.out
                    ...done in 3.292660214 seconds.
                    
      Regenerating: 1 file(s) changed at 2023-07-02 09:41:07
                    nohup.out
                    ...done in 3.130972367 seconds.
                    
      Regenerating: 1 file(s) changed at 2023-07-02 09:41:10
                    nohup.out
                    ...done in 3.193284501 seconds.
                    
      Regenerating: 1 file(s) changed at 2023-07-02 09:41:14
                    nohup.out
                    ...done in 3.106015959 seconds.
                    
      Regenerating: 1 file(s) changed at 2023-07-02 09:41:17
                    nohup.out
                    ...done in 3.145632024 seconds.
                    
      Regenerating: 1 file(s) changed at 2023-07-02 09:41:20
                    nohup.out
                    ...done in 3.289849947 seconds.
                    
      Regenerating: 1 file(s) changed at 2023-07-02 09:41:24
                    nohup.out
                    ...done in 3.065679134 seconds.
                    
      Regenerating: 1 file(s) changed at 2023-07-02 09:41:27
                    nohup.out
                    ...done in 3.284223892 seconds.
                    
      Regenerating: 1 file(s) changed at 2023-07-02 09:41:30
                    nohup.out
                    ...done in 3.165903208 seconds.
                    
      Regenerating: 1 file(s) changed at 2023-07-02 09:41:33
                    nohup.out
                    ...done in 3.240791358 seconds.
                    
      Regenerating: 1 file(s) changed at 2023-07-02 09:41:37
                    nohup.out
                    ...done in 3.233600094 seconds.
                    
      Regenerating: 1 file(s) changed at 2023-07-02 09:41:40
                    nohup.out
                    ...done in 3.360497412 seconds.
                    
      Regenerating: 1 file(s) changed at 2023-07-02 09:41:44
                    nohup.out
                    ...done in 3.383745226 seconds.
                    
      Regenerating: 1 file(s) changed at 2023-07-02 09:41:47
                    nohup.out
                    ...done in 3.317315607 seconds.
                    
      Regenerating: 1 file(s) changed at 2023-07-02 09:41:50
                    nohup.out
                    ...done in 3.339306629 seconds.
                    
      Regenerating: 1 file(s) changed at 2023-07-02 09:41:54
                    nohup.out
                    ...done in 3.461628793 seconds.
                    
      Regenerating: 1 file(s) changed at 2023-07-02 09:41:57
                    nohup.out
                    ...done in 3.297165946 seconds.
                    
      Regenerating: 1 file(s) changed at 2023-07-02 09:42:01
                    nohup.out
                    ...done in 3.366583998 seconds.
                    
      Regenerating: 1 file(s) changed at 2023-07-02 09:42:04
                    nohup.out
                    ...done in 3.401328853 seconds.
                    
      Regenerating: 1 file(s) changed at 2023-07-02 09:42:08
                    nohup.out
                    ...done in 3.132492809 seconds.
                    
      Regenerating: 1 file(s) changed at 2023-07-02 09:42:11
                    nohup.out
                    ...done in 3.198281146 seconds.
                    
      Regenerating: 1 file(s) changed at 2023-07-02 09:42:14
                    nohup.out
                    ...done in 3.256391497 seconds.
                    
      Regenerating: 1 file(s) changed at 2023-07-02 09:42:18
                    nohup.out
                    ...done in 3.029409717 seconds.
                    
      Regenerating: 1 file(s) changed at 2023-07-02 09:42:21
                    nohup.out
                    ...done in 3.108749751 seconds.
                    
      Regenerating: 1 file(s) changed at 2023-07-02 09:42:24
                    nohup.out
                    ...done in 3.22426373 seconds.
                    
      Regenerating: 1 file(s) changed at 2023-07-02 09:42:27
                    nohup.out
                    ...done in 3.333921248 seconds.
                    
      Regenerating: 1 file(s) changed at 2023-07-02 09:42:31
                    nohup.out
                    ...done in 3.454657459 seconds.
                    
      Regenerating: 1 file(s) changed at 2023-07-02 09:42:34
                    nohup.out
                    ...done in 3.2711629 seconds.
                    
      Regenerating: 1 file(s) changed at 2023-07-02 09:42:38
                    nohup.out
                    ...done in 3.468019188 seconds.
                    
      Regenerating: 1 file(s) changed at 2023-07-02 09:42:41
                    nohup.out
                    ...done in 3.373797053 seconds.
                    
      Regenerating: 1 file(s) changed at 2023-07-02 09:42:45
                    nohup.out
                    ...done in 3.313692458 seconds.
                    
      Regenerating: 1 file(s) changed at 2023-07-02 09:42:48
                    nohup.out
                    ...done in 3.370875807 seconds.
                    
      Regenerating: 1 file(s) changed at 2023-07-02 09:42:52
                    nohup.out
                    ...done in 3.514043039 seconds.
                    
      Regenerating: 1 file(s) changed at 2023-07-02 09:42:55
                    nohup.out
                    ...done in 3.557207035 seconds.
                    
      Regenerating: 1 file(s) changed at 2023-07-02 09:42:59
                    nohup.out
                    ...done in 3.32625241 seconds.
                    
      Regenerating: 1 file(s) changed at 2023-07-02 09:43:02
                    nohup.out
                    ...done in 3.395023035 seconds.
                    
      Regenerating: 1 file(s) changed at 2023-07-02 09:43:06
                    nohup.out
                    ...done in 3.303945427 seconds.
                    
      Regenerating: 1 file(s) changed at 2023-07-02 09:43:09
                    nohup.out
                    ...done in 3.418586321 seconds.
                    
      Regenerating: 1 file(s) changed at 2023-07-02 09:43:13
                    nohup.out
                    ...done in 3.315454201 seconds.
                    
      Regenerating: 1 file(s) changed at 2023-07-02 09:43:16
                    nohup.out
                    ...done in 3.477060754 seconds.
                    
      Regenerating: 1 file(s) changed at 2023-07-02 09:43:20
                    nohup.out
                    ...done in 3.565473224 seconds.
                    
      Regenerating: 1 file(s) changed at 2023-07-02 09:43:23
                    nohup.out
                    ...done in 3.251558 seconds.
                    
      Regenerating: 1 file(s) changed at 2023-07-02 09:43:27
                    nohup.out
                    ...done in 3.189112819 seconds.
                    
      Regenerating: 1 file(s) changed at 2023-07-02 09:43:30
                    nohup.out
                    ...done in 3.434146301 seconds.
                    
      Regenerating: 1 file(s) changed at 2023-07-02 09:43:34
                    nohup.out
                    ...done in 3.362143708 seconds.
                    
      Regenerating: 1 file(s) changed at 2023-07-02 09:43:37
                    nohup.out
                    ...done in 3.254756096 seconds.
                    
      Regenerating: 1 file(s) changed at 2023-07-02 09:43:40
                    nohup.out
                    ...done in 3.49114925 seconds.
                    
      Regenerating: 1 file(s) changed at 2023-07-02 09:43:44
                    nohup.out
                    ...done in 3.218983319 seconds.
                    
      Regenerating: 1 file(s) changed at 2023-07-02 09:43:47
                    nohup.out
                    ...done in 3.266926964 seconds.
                    
      Regenerating: 1 file(s) changed at 2023-07-02 09:43:51
                    nohup.out
                    ...done in 3.471013069 seconds.
                    
      Regenerating: 1 file(s) changed at 2023-07-02 09:43:54
                    nohup.out
                    ...done in 3.28575942 seconds.
                    
      Regenerating: 1 file(s) changed at 2023-07-02 09:43:58
                    nohup.out
                    ...done in 3.518880866 seconds.
                    
      Regenerating: 1 file(s) changed at 2023-07-02 09:44:01
                    nohup.out
                    ...done in 3.481409111 seconds.
                    
      Regenerating: 1 file(s) changed at 2023-07-02 09:44:05
                    nohup.out
                    ...done in 3.423980061 seconds.
                    
      Regenerating: 1 file(s) changed at 2023-07-02 09:44:08
                    nohup.out
                    ...done in 3.261239984 seconds.
                    
      Regenerating: 1 file(s) changed at 2023-07-02 09:44:12
                    nohup.out
                    ...done in 3.156666107 seconds.
                    
      Regenerating: 1 file(s) changed at 2023-07-02 09:44:15
                    nohup.out
                    ...done in 3.098930968 seconds.
                    
      Regenerating: 1 file(s) changed at 2023-07-02 09:44:18
                    nohup.out
                    ...done in 3.097864773 seconds.
                    
      Regenerating: 1 file(s) changed at 2023-07-02 09:44:21
                    nohup.out
                    ...done in 3.139333286 seconds.
                    
      Regenerating: 1 file(s) changed at 2023-07-02 09:44:25
                    nohup.out
                    ...done in 3.192267898 seconds.
                    
      Regenerating: 1 file(s) changed at 2023-07-02 09:44:28
                    nohup.out
                    ...done in 3.197218515 seconds.
                    
      Regenerating: 1 file(s) changed at 2023-07-02 09:44:31
                    nohup.out
                    ...done in 3.18936118 seconds.
                    
      Regenerating: 1 file(s) changed at 2023-07-02 09:44:35
                    nohup.out
                    ...done in 3.08940387 seconds.
                    
      Regenerating: 1 file(s) changed at 2023-07-02 09:44:38
                    nohup.out
                    ...done in 3.143236638 seconds.
                    
      Regenerating: 1 file(s) changed at 2023-07-02 09:44:41
                    nohup.out
                    ...done in 3.217040403 seconds.
                    
      Regenerating: 1 file(s) changed at 2023-07-02 09:44:44
                    nohup.out
                    ...done in 3.083356257 seconds.
                    
      Regenerating: 1 file(s) changed at 2023-07-02 09:44:47
                    nohup.out
                    ...done in 3.284259828 seconds.
                    
      Regenerating: 1 file(s) changed at 2023-07-02 09:44:51
                    nohup.out
                    ...done in 3.246235947 seconds.
                    
      Regenerating: 1 file(s) changed at 2023-07-02 09:44:54
                    nohup.out
                    ...done in 3.214696465 seconds.
                    
      Regenerating: 1 file(s) changed at 2023-07-02 09:44:58
                    nohup.out
                    ...done in 3.144805129 seconds.
                    
      Regenerating: 1 file(s) changed at 2023-07-02 09:45:01
                    nohup.out
                    ...done in 3.451396752 seconds.
                    
      Regenerating: 1 file(s) changed at 2023-07-02 09:45:04
                    nohup.out
                    ...done in 3.312795094 seconds.
                    
      Regenerating: 1 file(s) changed at 2023-07-02 09:45:08
                    nohup.out
                    ...done in 3.271591277 seconds.
                    
      Regenerating: 1 file(s) changed at 2023-07-02 09:45:11
                    nohup.out
                    ...done in 4.082931521 seconds.
                    
      Regenerating: 1 file(s) changed at 2023-07-02 09:45:15
                    nohup.out
                    ...done in 3.720801751 seconds.
                    
      Regenerating: 1 file(s) changed at 2023-07-02 09:45:19
                    nohup.out
                    ...done in 3.433155508 seconds.
                    
      Regenerating: 1 file(s) changed at 2023-07-02 09:45:23
                    nohup.out
                    ...done in 3.57427515 seconds.
                    
      Regenerating: 1 file(s) changed at 2023-07-02 09:45:26
                    nohup.out
                    ...done in 3.465348704 seconds.
                    
      Regenerating: 1 file(s) changed at 2023-07-02 09:45:30
                    nohup.out
                    ...done in 3.394279008 seconds.
                    
      Regenerating: 1 file(s) changed at 2023-07-02 09:45:33
                    nohup.out
                    ...done in 3.445651063 seconds.
                    
      Regenerating: 1 file(s) changed at 2023-07-02 09:45:37
                    nohup.out
                    ...done in 3.394255401 seconds.
                    
      Regenerating: 1 file(s) changed at 2023-07-02 09:45:40
                    nohup.out
                    ...done in 3.42421417 seconds.
                    
      Regenerating: 1 file(s) changed at 2023-07-02 09:45:44
                    nohup.out
                    ...done in 3.271426103 seconds.
                    
      Regenerating: 1 file(s) changed at 2023-07-02 09:45:47
                    nohup.out
                    ...done in 3.234038964 seconds.
                    
      Regenerating: 1 file(s) changed at 2023-07-02 09:45:51
                    nohup.out
                    ...done in 3.379069638 seconds.
                    
      Regenerating: 1 file(s) changed at 2023-07-02 09:45:54
                    nohup.out
                    ...done in 3.420519155 seconds.
                    
      Regenerating: 1 file(s) changed at 2023-07-02 09:45:58
                    nohup.out
                    ...done in 3.518368451 seconds.
                    
      Regenerating: 1 file(s) changed at 2023-07-02 09:46:01
                    nohup.out
                    ...done in 3.284774766 seconds.
                    
      Regenerating: 1 file(s) changed at 2023-07-02 09:46:05
                    nohup.out
                    ...done in 3.557532906 seconds.
                    
      Regenerating: 1 file(s) changed at 2023-07-02 09:46:08
                    nohup.out
                    ...done in 3.268606407 seconds.
                    
      Regenerating: 1 file(s) changed at 2023-07-02 09:46:12
                    nohup.out
                    ...done in 3.339050117 seconds.
                    
      Regenerating: 1 file(s) changed at 2023-07-02 09:46:15
                    nohup.out
                    ...done in 3.344218359 seconds.
                    
      Regenerating: 1 file(s) changed at 2023-07-02 09:46:19
                    nohup.out
                    ...done in 3.524968995 seconds.
                    
      Regenerating: 1 file(s) changed at 2023-07-02 09:46:22
                    nohup.out
                    ...done in 3.570176594 seconds.
                    
      Regenerating: 1 file(s) changed at 2023-07-02 09:46:26
                    nohup.out
                    ...done in 3.665857811 seconds.
                    
      Regenerating: 1 file(s) changed at 2023-07-02 09:46:30
                    nohup.out
                    ...done in 5.356706166 seconds.
                    
      Regenerating: 1 file(s) changed at 2023-07-02 09:46:35
                    nohup.out
                    ...done in 5.132924042 seconds.
                    
      Regenerating: 1 file(s) changed at 2023-07-02 09:46:40
                    nohup.out
                    ...done in 5.441446353 seconds.
                    
      Regenerating: 1 file(s) changed at 2023-07-02 09:46:46
                    nohup.out
                    ...done in 5.441286557 seconds.
                    
      Regenerating: 1 file(s) changed at 2023-07-02 09:46:51
                    nohup.out
                    ...done in 4.357298801 seconds.
                    
      Regenerating: 1 file(s) changed at 2023-07-02 09:46:56
                    nohup.out
                    ...done in 3.881375775 seconds.
                    
      Regenerating: 1 file(s) changed at 2023-07-02 09:47:00
                    nohup.out
                    ...done in 3.881781482 seconds.
                    
      Regenerating: 1 file(s) changed at 2023-07-02 09:47:04
                    nohup.out
                    ...done in 3.991815888 seconds.
                    
      Regenerating: 1 file(s) changed at 2023-07-02 09:47:08
                    nohup.out
                    ...done in 3.219529331 seconds.
                    
      Regenerating: 1 file(s) changed at 2023-07-02 09:47:11
                    nohup.out
                    ...done in 3.461568692 seconds.
                    
      Regenerating: 1 file(s) changed at 2023-07-02 09:47:15
                    nohup.out
                    ...done in 3.148905082 seconds.
                    
      Regenerating: 1 file(s) changed at 2023-07-02 09:47:18
                    nohup.out
                    ...done in 3.209906692 seconds.
                    
      Regenerating: 1 file(s) changed at 2023-07-02 09:47:21
                    nohup.out
                    ...done in 3.40168091 seconds.
                    
      Regenerating: 1 file(s) changed at 2023-07-02 09:47:25
                    nohup.out
                    ...done in 3.214433793 seconds.
                    
      Regenerating: 1 file(s) changed at 2023-07-02 09:47:28
                    nohup.out
                    ...done in 3.146873753 seconds.
                    
      Regenerating: 1 file(s) changed at 2023-07-02 09:47:31
                    nohup.out
                    ...done in 3.613125321 seconds.
                    
      Regenerating: 1 file(s) changed at 2023-07-02 09:47:35
                    nohup.out
                    ...done in 3.369509785 seconds.
                    
      Regenerating: 1 file(s) changed at 2023-07-02 09:47:39
                    nohup.out
                    ...done in 3.304837117 seconds.
                    
      Regenerating: 1 file(s) changed at 2023-07-02 09:47:42
                    nohup.out
                    ...done in 3.182853314 seconds.
                    
      Regenerating: 1 file(s) changed at 2023-07-02 09:47:45
                    nohup.out
                    ...done in 3.395814535 seconds.
                    
      Regenerating: 1 file(s) changed at 2023-07-02 09:47:49
                    nohup.out
                    ...done in 3.129839574 seconds.
                    
      Regenerating: 1 file(s) changed at 2023-07-02 09:47:52
                    nohup.out
                    ...done in 3.394387052 seconds.
                    
      Regenerating: 1 file(s) changed at 2023-07-02 09:47:56
                    nohup.out
                    ...done in 3.291209508 seconds.
                    
      Regenerating: 1 file(s) changed at 2023-07-02 09:47:59
                    nohup.out
                    ...done in 3.37568821 seconds.
                    
      Regenerating: 1 file(s) changed at 2023-07-02 09:48:02
                    nohup.out
                    ...done in 3.230080648 seconds.
                    
      Regenerating: 1 file(s) changed at 2023-07-02 09:48:06
                    nohup.out
                    ...done in 3.361174666 seconds.
                    
      Regenerating: 1 file(s) changed at 2023-07-02 09:48:09
                    nohup.out
                    ...done in 3.264317953 seconds.
                    
      Regenerating: 1 file(s) changed at 2023-07-02 09:48:13
                    nohup.out
                    ...done in 3.589956785 seconds.
                    
      Regenerating: 1 file(s) changed at 2023-07-02 09:48:16
                    nohup.out
                    ...done in 3.669256349 seconds.
                    
      Regenerating: 1 file(s) changed at 2023-07-02 09:48:20
                    nohup.out
                    ...done in 3.858589551 seconds.
                    
      Regenerating: 1 file(s) changed at 2023-07-02 09:48:24
                    nohup.out
                    ...done in 4.256767815 seconds.
                    
      Regenerating: 1 file(s) changed at 2023-07-02 09:48:28
                    nohup.out
                    ...done in 3.582001045 seconds.
                    
      Regenerating: 1 file(s) changed at 2023-07-02 09:48:32
                    nohup.out
                    ...done in 4.345173544 seconds.
                    
      Regenerating: 1 file(s) changed at 2023-07-02 09:48:36
                    nohup.out
                    ...done in 3.804378593 seconds.
                    
      Regenerating: 1 file(s) changed at 2023-07-02 09:48:40
                    nohup.out
                    ...done in 3.559304985 seconds.
                    
      Regenerating: 1 file(s) changed at 2023-07-02 09:48:44
                    nohup.out
                    ...done in 4.583615878 seconds.
                    
      Regenerating: 1 file(s) changed at 2023-07-02 09:48:49
                    nohup.out
                    ...done in 3.588670173 seconds.
                    
      Regenerating: 1 file(s) changed at 2023-07-02 09:48:52
                    nohup.out
                    ...done in 3.488632965 seconds.
                    
      Regenerating: 1 file(s) changed at 2023-07-02 09:48:56
                    nohup.out
                    ...done in 3.490170377 seconds.
                    
      Regenerating: 1 file(s) changed at 2023-07-02 09:49:00
                    nohup.out
                    ...done in 3.594220167 seconds.
                    
      Regenerating: 1 file(s) changed at 2023-07-02 09:49:03
                    nohup.out
                    ...done in 3.462392608 seconds.
                    
      Regenerating: 1 file(s) changed at 2023-07-02 09:49:07
                    nohup.out
                    ...done in 3.471080425 seconds.
                    
      Regenerating: 1 file(s) changed at 2023-07-02 09:49:10
                    nohup.out
                    ...done in 3.660806691 seconds.
                    
      Regenerating: 1 file(s) changed at 2023-07-02 09:49:14
                    nohup.out
                    ...done in 3.521037639 seconds.
                    
      Regenerating: 1 file(s) changed at 2023-07-02 09:49:18
                    nohup.out
                    ...done in 3.525675857 seconds.
                    
      Regenerating: 1 file(s) changed at 2023-07-02 09:49:21
                    nohup.out
                    ...done in 3.39977264 seconds.
                    
      Regenerating: 1 file(s) changed at 2023-07-02 09:49:25
                    nohup.out
                    ...done in 3.391310062 seconds.
                    
      Regenerating: 1 file(s) changed at 2023-07-02 09:49:28
                    nohup.out
                    ...done in 3.497992443 seconds.
                    
      Regenerating: 1 file(s) changed at 2023-07-02 09:49:32
                    nohup.out
                    ...done in 3.775656224 seconds.
                    
      Regenerating: 1 file(s) changed at 2023-07-02 09:49:36
                    nohup.out
                    ...done in 3.793249202 seconds.
                    
      Regenerating: 1 file(s) changed at 2023-07-02 09:49:40
                    nohup.out
                    ...done in 3.596612295 seconds.
                    
      Regenerating: 1 file(s) changed at 2023-07-02 09:49:43
                    nohup.out
                    ...done in 3.470304769 seconds.
                    
      Regenerating: 1 file(s) changed at 2023-07-02 09:49:47
                    nohup.out
                    ...done in 3.823583854 seconds.
                    
      Regenerating: 1 file(s) changed at 2023-07-02 09:49:51
                    nohup.out
                    ...done in 3.60866813 seconds.
                    
      Regenerating: 1 file(s) changed at 2023-07-02 09:49:55
                    nohup.out
                    ...done in 3.689837061 seconds.
                    
      Regenerating: 1 file(s) changed at 2023-07-02 09:49:58
                    nohup.out
                    ...done in 3.957112045 seconds.
                    
      Regenerating: 1 file(s) changed at 2023-07-02 09:50:03
                    nohup.out
                    ...done in 3.536437885 seconds.
                    
      Regenerating: 1 file(s) changed at 2023-07-02 09:50:06
                    nohup.out
                    ...done in 3.856644825 seconds.
                    
      Regenerating: 1 file(s) changed at 2023-07-02 09:50:10
                    nohup.out
                    ...done in 3.70260744 seconds.
                    
      Regenerating: 1 file(s) changed at 2023-07-02 09:50:14
                    nohup.out
                    ...done in 3.890107172 seconds.
                    
      Regenerating: 1 file(s) changed at 2023-07-02 09:50:18
                    nohup.out
                    ...done in 3.436781171 seconds.
                    
      Regenerating: 1 file(s) changed at 2023-07-02 09:50:21
                    nohup.out
                    ...done in 3.700623743 seconds.
                    
      Regenerating: 1 file(s) changed at 2023-07-02 09:50:25
                    nohup.out
                    ...done in 3.832367353 seconds.
                    
      Regenerating: 1 file(s) changed at 2023-07-02 09:50:29
                    nohup.out
                    ...done in 3.775086669 seconds.
                    
      Regenerating: 1 file(s) changed at 2023-07-02 09:50:33
                    nohup.out
                    ...done in 4.07385029 seconds.
                    
      Regenerating: 1 file(s) changed at 2023-07-02 09:50:37
                    nohup.out
                    ...done in 3.694930434 seconds.
                    
      Regenerating: 1 file(s) changed at 2023-07-02 09:50:41
                    nohup.out
                    ...done in 3.479253232 seconds.
                    
      Regenerating: 1 file(s) changed at 2023-07-02 09:50:45
                    nohup.out
                    ...done in 3.474101263 seconds.
                    
      Regenerating: 1 file(s) changed at 2023-07-02 09:50:48
                    nohup.out
                    ...done in 3.52865884 seconds.
                    
      Regenerating: 1 file(s) changed at 2023-07-02 09:50:52
                    nohup.out
                    ...done in 3.388995877 seconds.
                    
      Regenerating: 1 file(s) changed at 2023-07-02 09:50:55
                    nohup.out
                    ...done in 3.375001951 seconds.
                    
      Regenerating: 1 file(s) changed at 2023-07-02 09:50:59
                    nohup.out
                    ...done in 3.515193403 seconds.
                    
      Regenerating: 1 file(s) changed at 2023-07-02 09:51:02
                    nohup.out
                    ...done in 3.740286235 seconds.
                    
      Regenerating: 1 file(s) changed at 2023-07-02 09:51:06
                    nohup.out
                    ...done in 3.391931089 seconds.
                    
      Regenerating: 1 file(s) changed at 2023-07-02 09:51:10
                    nohup.out
                    ...done in 3.576447488 seconds.
                    
      Regenerating: 1 file(s) changed at 2023-07-02 09:51:13
                    nohup.out
                    ...done in 3.555842402 seconds.
                    
      Regenerating: 1 file(s) changed at 2023-07-02 09:51:17
                    nohup.out
                    ...done in 3.479161671 seconds.
                    
      Regenerating: 1 file(s) changed at 2023-07-02 09:51:21
                    nohup.out
                    ...done in 3.510557629 seconds.
                    
      Regenerating: 1 file(s) changed at 2023-07-02 09:51:24
                    nohup.out
                    ...done in 3.436902136 seconds.
                    
      Regenerating: 1 file(s) changed at 2023-07-02 09:51:28
                    nohup.out
                    ...done in 3.443241335 seconds.
                    
      Regenerating: 1 file(s) changed at 2023-07-02 09:51:31
                    nohup.out
                    ...done in 3.612609265 seconds.
                    
      Regenerating: 1 file(s) changed at 2023-07-02 09:51:35
                    nohup.out
                    ...done in 3.494936754 seconds.
                    
      Regenerating: 1 file(s) changed at 2023-07-02 09:51:39
                    nohup.out
                    ...done in 3.602964205 seconds.
                    
      Regenerating: 1 file(s) changed at 2023-07-02 09:51:42
                    nohup.out
                    ...done in 3.96143947 seconds.
                    
      Regenerating: 1 file(s) changed at 2023-07-02 09:51:46
                    nohup.out
                    ...done in 3.535286972 seconds.
                    
      Regenerating: 1 file(s) changed at 2023-07-02 09:51:50
                    nohup.out
                    ...done in 3.675547079 seconds.
                    
      Regenerating: 1 file(s) changed at 2023-07-02 09:51:54
                    nohup.out
                    ...done in 3.65850375 seconds.
                    
      Regenerating: 1 file(s) changed at 2023-07-02 09:51:58
                    nohup.out
                    ...done in 3.732383014 seconds.
                    
      Regenerating: 1 file(s) changed at 2023-07-02 09:52:01
                    nohup.out
                    ...done in 4.040480691 seconds.
                    
      Regenerating: 1 file(s) changed at 2023-07-02 09:52:06
                    nohup.out
                    ...done in 3.722869397 seconds.
                    
      Regenerating: 1 file(s) changed at 2023-07-02 09:52:09
                    nohup.out
                    ...done in 3.548601344 seconds.
                    
      Regenerating: 1 file(s) changed at 2023-07-02 09:52:13
                    nohup.out
                    ...done in 3.746024312 seconds.
                    
      Regenerating: 1 file(s) changed at 2023-07-02 09:52:17
                    nohup.out
                    ...done in 3.598858874 seconds.
                    
      Regenerating: 1 file(s) changed at 2023-07-02 09:52:21
                    nohup.out
                    ...done in 3.67489134 seconds.
                    
      Regenerating: 1 file(s) changed at 2023-07-02 09:52:24
                    nohup.out
                    ...done in 3.739138047 seconds.
                    
      Regenerating: 1 file(s) changed at 2023-07-02 09:52:28
                    nohup.out
                    ...done in 4.309395823 seconds.
                    
      Regenerating: 1 file(s) changed at 2023-07-02 09:52:33
                    nohup.out
                    ...done in 3.781975936 seconds.
                    
      Regenerating: 1 file(s) changed at 2023-07-02 09:52:37
                    nohup.out
                    ...done in 4.035037833 seconds.
                    
      Regenerating: 1 file(s) changed at 2023-07-02 09:52:41
                    nohup.out
                    ...done in 3.428220395 seconds.
                    
      Regenerating: 1 file(s) changed at 2023-07-02 09:52:44
                    nohup.out
                    ...done in 3.554454099 seconds.
                    
      Regenerating: 1 file(s) changed at 2023-07-02 09:52:48
                    nohup.out
                    ...done in 3.552688586 seconds.
                    
      Regenerating: 1 file(s) changed at 2023-07-02 09:52:51
                    nohup.out
                    ...done in 3.588836674 seconds.
                    
      Regenerating: 1 file(s) changed at 2023-07-02 09:52:55
                    nohup.out
                    ...done in 3.478494338 seconds.
                    
      Regenerating: 1 file(s) changed at 2023-07-02 09:52:59
                    nohup.out
                    ...done in 3.66069711 seconds.
                    
      Regenerating: 1 file(s) changed at 2023-07-02 09:53:03
                    nohup.out
                    ...done in 3.942847066 seconds.
                    
      Regenerating: 1 file(s) changed at 2023-07-02 09:53:07
                    nohup.out
                    ...done in 3.491216807 seconds.
                    
      Regenerating: 1 file(s) changed at 2023-07-02 09:53:10
                    nohup.out
                    ...done in 3.590597439 seconds.
                    
      Regenerating: 1 file(s) changed at 2023-07-02 09:53:14
                    nohup.out
                    ...done in 3.715770745 seconds.
                    
      Regenerating: 1 file(s) changed at 2023-07-02 09:53:18
                    nohup.out
                    ...done in 3.826623619 seconds.
                    
      Regenerating: 1 file(s) changed at 2023-07-02 09:53:22
                    nohup.out
                    ...done in 3.569961692 seconds.
                    
      Regenerating: 1 file(s) changed at 2023-07-02 09:53:25
                    nohup.out
                    ...done in 3.549351577 seconds.
                    
      Regenerating: 1 file(s) changed at 2023-07-02 09:53:29
                    nohup.out
                    ...done in 3.963207219 seconds.
                    
      Regenerating: 1 file(s) changed at 2023-07-02 09:53:33
                    nohup.out
                    ...done in 3.718095617 seconds.
                    
      Regenerating: 1 file(s) changed at 2023-07-02 09:53:37
                    nohup.out
                    ...done in 3.501114621 seconds.
                    
      Regenerating: 1 file(s) changed at 2023-07-02 09:53:40
                    nohup.out
                    ...done in 3.642035633 seconds.
                    
      Regenerating: 1 file(s) changed at 2023-07-02 09:53:44
                    nohup.out
                    ...done in 3.556861105 seconds.
                    
      Regenerating: 1 file(s) changed at 2023-07-02 09:53:48
                    nohup.out
                    ...done in 3.559155595 seconds.
                    
      Regenerating: 1 file(s) changed at 2023-07-02 09:53:51
                    nohup.out
                    ...done in 3.732714341 seconds.
                    
      Regenerating: 1 file(s) changed at 2023-07-02 09:53:55
                    nohup.out
                    ...done in 3.513169547 seconds.
                    
      Regenerating: 1 file(s) changed at 2023-07-02 09:53:59
                    nohup.out
                    ...done in 3.960305949 seconds.
                    
      Regenerating: 1 file(s) changed at 2023-07-02 09:54:03
                    nohup.out
                    ...done in 4.051872756 seconds.
                    
      Regenerating: 1 file(s) changed at 2023-07-02 09:54:07
                    nohup.out
                    ...done in 3.707842311 seconds.
                    
      Regenerating: 1 file(s) changed at 2023-07-02 09:54:11
                    nohup.out
                    ...done in 3.622166952 seconds.
                    
      Regenerating: 1 file(s) changed at 2023-07-02 09:54:15
                    nohup.out
                    ...done in 3.970162836 seconds.
                    
      Regenerating: 1 file(s) changed at 2023-07-02 09:54:19
                    nohup.out
                    ...done in 3.801593749 seconds.
                    
      Regenerating: 1 file(s) changed at 2023-07-02 09:54:23
                    nohup.out
                    ...done in 3.817932171 seconds.
                    
      Regenerating: 1 file(s) changed at 2023-07-02 09:54:27
                    nohup.out
                    ...done in 3.656891049 seconds.
                    
      Regenerating: 1 file(s) changed at 2023-07-02 09:54:30
                    nohup.out
                    ...done in 3.566012596 seconds.
                    
      Regenerating: 1 file(s) changed at 2023-07-02 09:54:34
                    nohup.out
                    ...done in 3.764979611 seconds.
                    
      Regenerating: 1 file(s) changed at 2023-07-02 09:54:38
                    nohup.out
                    ...done in 3.825955938 seconds.
                    
      Regenerating: 1 file(s) changed at 2023-07-02 09:54:42
                    nohup.out
                    ...done in 3.712664561 seconds.
                    
      Regenerating: 1 file(s) changed at 2023-07-02 09:54:46
                    nohup.out
                    ...done in 3.55726318 seconds.
                    
      Regenerating: 1 file(s) changed at 2023-07-02 09:54:49
                    nohup.out
                    ...done in 3.591949702 seconds.
                    
      Regenerating: 1 file(s) changed at 2023-07-02 09:54:53
                    nohup.out
                    ...done in 3.82529999 seconds.
                    
      Regenerating: 1 file(s) changed at 2023-07-02 09:54:57
                    nohup.out
                    ...done in 3.907162862 seconds.
                    
      Regenerating: 1 file(s) changed at 2023-07-02 09:55:01
                    nohup.out
                    ...done in 4.004031868 seconds.
                    
      Regenerating: 1 file(s) changed at 2023-07-02 09:55:05
                    nohup.out
                    ...done in 4.458651536 seconds.
                    
      Regenerating: 1 file(s) changed at 2023-07-02 09:55:10
                    nohup.out
                    ...done in 3.641210041 seconds.
                    
      Regenerating: 1 file(s) changed at 2023-07-02 09:55:13
                    nohup.out
                    ...done in 3.806147879 seconds.
                    
      Regenerating: 1 file(s) changed at 2023-07-02 09:55:17
                    nohup.out
                    ...done in 3.994858097 seconds.
                    
      Regenerating: 1 file(s) changed at 2023-07-02 09:55:21
                    nohup.out
                    ...done in 3.643224608 seconds.
                    
      Regenerating: 1 file(s) changed at 2023-07-02 09:55:25
                    nohup.out
                    ...done in 4.074137476 seconds.
                    
      Regenerating: 1 file(s) changed at 2023-07-02 09:55:29
                    nohup.out
                    ...done in 4.159292869 seconds.
                    
      Regenerating: 1 file(s) changed at 2023-07-02 09:55:33
                    nohup.out
                    ...done in 4.095768109 seconds.
                    
      Regenerating: 1 file(s) changed at 2023-07-02 09:55:38
                    nohup.out
                    ...done in 3.902740732 seconds.
                    
      Regenerating: 1 file(s) changed at 2023-07-02 09:55:42
                    nohup.out
                    ...done in 4.06073294 seconds.
                    
      Regenerating: 1 file(s) changed at 2023-07-02 09:55:46
                    nohup.out
                    ...done in 4.107083419 seconds.
                    
      Regenerating: 1 file(s) changed at 2023-07-02 09:55:50
                    nohup.out
                    ...done in 4.008280443 seconds.
                    
      Regenerating: 1 file(s) changed at 2023-07-02 09:55:54
                    nohup.out
                    ...done in 3.905080829 seconds.
                    
      Regenerating: 1 file(s) changed at 2023-07-02 09:55:58
                    nohup.out
                    ...done in 4.485172026 seconds.
                    
      Regenerating: 1 file(s) changed at 2023-07-02 09:56:03
                    nohup.out
                    ...done in 3.945341511 seconds.
                    
      Regenerating: 1 file(s) changed at 2023-07-02 09:56:07
                    nohup.out
                    ...done in 3.650046061 seconds.
                    
      Regenerating: 2 file(s) changed at 2023-07-02 09:56:11
                    nohup.out
                    _posts/2022-08-01-fast-ngix-selfhost.md
                    ...done in 3.629162099 seconds.
                    
      Regenerating: 2 file(s) changed at 2023-07-02 09:56:14
                    nohup.out
                    _posts/2022-08-01-fast-ngix-selfhost.md
                    ...done in 3.94315709 seconds.
                    
      Regenerating: 2 file(s) changed at 2023-07-02 09:56:18
                    nohup.out
                    _posts/2022-08-01-fast-ngix-selfhost.md
                    ...done in 3.604166032 seconds.
                    
      Regenerating: 2 file(s) changed at 2023-07-02 09:56:22
                    nohup.out
                    _posts/2022-08-01-fast-ngix-selfhost.md
                    ...done in 3.947184478 seconds.
                    
      Regenerating: 1 file(s) changed at 2023-07-02 09:56:26
                    nohup.out
                    ...done in 3.765539877 seconds.
                    
      Regenerating: 1 file(s) changed at 2023-07-02 09:56:30
                    nohup.out
                    ...done in 4.302340683 seconds.
                    
      Regenerating: 1 file(s) changed at 2023-07-02 09:56:34
                    nohup.out
                    ...done in 3.967955158 seconds.
                    
      Regenerating: 1 file(s) changed at 2023-07-02 09:56:38
                    nohup.out
                    ...done in 4.079709681 seconds.
                    
      Regenerating: 1 file(s) changed at 2023-07-02 09:56:43
                    nohup.out
                    ...done in 4.021129603 seconds.
                    
      Regenerating: 1 file(s) changed at 2023-07-02 09:56:47
                    nohup.out
                    ...done in 3.92867735 seconds.
                    
      Regenerating: 1 file(s) changed at 2023-07-02 09:56:51
                    nohup.out
                    ...done in 3.895160456 seconds.
                    
      Regenerating: 1 file(s) changed at 2023-07-02 09:56:55
                    nohup.out
                    ...done in 3.85054085 seconds.
                    
      Regenerating: 1 file(s) changed at 2023-07-02 09:56:59
                    nohup.out
                    ...done in 4.623901004 seconds.
                    
      Regenerating: 1 file(s) changed at 2023-07-02 09:57:03
                    nohup.out
                    ...done in 4.002953382 seconds.
                    
      Regenerating: 1 file(s) changed at 2023-07-02 09:57:07
                    nohup.out
                    ...done in 3.846485386 seconds.
                    
      Regenerating: 1 file(s) changed at 2023-07-02 09:57:11
                    nohup.out
                    ...done in 4.12361537 seconds.
                    
      Regenerating: 1 file(s) changed at 2023-07-02 09:57:16
                    nohup.out
                    ...done in 3.719452559 seconds.
                    
      Regenerating: 1 file(s) changed at 2023-07-02 09:57:19
                    nohup.out
                    ...done in 3.763772757 seconds.
                    
      Regenerating: 1 file(s) changed at 2023-07-02 09:57:23
                    nohup.out
                    ...done in 3.611267058 seconds.
                    
      Regenerating: 1 file(s) changed at 2023-07-02 09:57:27
                    nohup.out
                    ...done in 4.134848058 seconds.
                    
      Regenerating: 1 file(s) changed at 2023-07-02 09:57:31
                    nohup.out
                    ...done in 4.016460165 seconds.
                    
      Regenerating: 2 file(s) changed at 2023-07-02 09:57:35
                    nohup.out
                    _posts/2022-08-01-fast-ngix-selfhost.md
                    ...done in 3.827508715 seconds.
                    
      Regenerating: 2 file(s) changed at 2023-07-02 09:57:39
                    nohup.out
                    _posts/2022-08-01-fast-ngix-selfhost.md
                    ...done in 3.391022875 seconds.
                    
      Regenerating: 1 file(s) changed at 2023-07-02 09:57:43
                    nohup.out
                    ...done in 3.613921369 seconds.
                    
      Regenerating: 1 file(s) changed at 2023-07-02 09:57:47
                    nohup.out
                    ...done in 3.592313295 seconds.
                    
      Regenerating: 1 file(s) changed at 2023-07-02 09:57:50
                    nohup.out
                    ...done in 3.58346205 seconds.
                    
      Regenerating: 1 file(s) changed at 2023-07-02 09:57:54
                    nohup.out
                    ...done in 3.636825695 seconds.
                    
      Regenerating: 1 file(s) changed at 2023-07-02 09:57:58
                    nohup.out
                    ...done in 3.586788862 seconds.
                    
      Regenerating: 1 file(s) changed at 2023-07-02 09:58:01
                    nohup.out
                    ...done in 3.946916359 seconds.
                    
      Regenerating: 1 file(s) changed at 2023-07-02 09:58:05
                    nohup.out
                    ...done in 3.794617389 seconds.
                    
      Regenerating: 1 file(s) changed at 2023-07-02 09:58:09
                    nohup.out
                    ...done in 3.633015653 seconds.
                    
      Regenerating: 1 file(s) changed at 2023-07-02 09:58:13
                    nohup.out
                    ...done in 3.661849978 seconds.
                    
      Regenerating: 1 file(s) changed at 2023-07-02 09:58:17
                    nohup.out
                    ...done in 3.58366913 seconds.
                    
      Regenerating: 1 file(s) changed at 2023-07-02 09:58:20
                    nohup.out
                    ...done in 3.768892739 seconds.
                    
      Regenerating: 1 file(s) changed at 2023-07-02 09:58:24
                    nohup.out
                    ...done in 3.574637974 seconds.
                    
      Regenerating: 1 file(s) changed at 2023-07-02 09:58:28
                    nohup.out
                    ...done in 3.872582638 seconds.
                    
      Regenerating: 1 file(s) changed at 2023-07-02 09:58:32
                    nohup.out
                    ...done in 3.643526881 seconds.
                    
      Regenerating: 1 file(s) changed at 2023-07-02 09:58:36
                    nohup.out
                    ...done in 3.722355436 seconds.
                    
      Regenerating: 1 file(s) changed at 2023-07-02 09:58:40
                    nohup.out
                    ...done in 3.400843305 seconds.
                    
      Regenerating: 1 file(s) changed at 2023-07-02 09:58:43
                    nohup.out
                    ...done in 3.584840924 seconds.
                    
      Regenerating: 1 file(s) changed at 2023-07-02 09:58:47
                    nohup.out
                    ...done in 3.90117692 seconds.
                    
      Regenerating: 1 file(s) changed at 2023-07-02 09:58:51
                    nohup.out
                    ...done in 3.597794706 seconds.
                    
      Regenerating: 1 file(s) changed at 2023-07-02 09:58:54
                    nohup.out
                    ...done in 3.628625999 seconds.
                    
      Regenerating: 1 file(s) changed at 2023-07-02 09:58:58
                    nohup.out
                    ...done in 3.780450118 seconds.
                    
      Regenerating: 1 file(s) changed at 2023-07-02 09:59:02
                    nohup.out
                    ...done in 4.004823028 seconds.
                    
      Regenerating: 1 file(s) changed at 2023-07-02 09:59:06
                    nohup.out
                    ...done in 3.554279777 seconds.
                    
      Regenerating: 1 file(s) changed at 2023-07-02 09:59:10
                    nohup.out
                    ...done in 3.67457957 seconds.
                    
      Regenerating: 1 file(s) changed at 2023-07-02 09:59:14
                    nohup.out
                    ...done in 3.566903978 seconds.
                    
      Regenerating: 1 file(s) changed at 2023-07-02 09:59:17
                    nohup.out
                    ...done in 3.717401186 seconds.
                    
      Regenerating: 1 file(s) changed at 2023-07-02 09:59:21
                    nohup.out
                    ...done in 3.58562517 seconds.
                    
      Regenerating: 1 file(s) changed at 2023-07-02 09:59:25
                    nohup.out
                    ...done in 3.588566808 seconds.
                    
      Regenerating: 1 file(s) changed at 2023-07-02 09:59:28
                    nohup.out
                    ...done in 3.944101133 seconds.
                    
      Regenerating: 1 file(s) changed at 2023-07-02 09:59:33
                    nohup.out
                    ...done in 3.547469988 seconds.
                    
      Regenerating: 1 file(s) changed at 2023-07-02 09:59:36
                    nohup.out
                    ...done in 3.996475897 seconds.
                    
      Regenerating: 1 file(s) changed at 2023-07-02 09:59:40
                    nohup.out
                    ...done in 3.73937858 seconds.
                    
      Regenerating: 1 file(s) changed at 2023-07-02 09:59:44
                    nohup.out
                    ...done in 3.542397916 seconds.
                    
      Regenerating: 1 file(s) changed at 2023-07-02 09:59:48
                    nohup.out
                    ...done in 3.50816145 seconds.
                    
      Regenerating: 1 file(s) changed at 2023-07-02 09:59:51
                    nohup.out
                    ...done in 3.589978856 seconds.
                    
      Regenerating: 1 file(s) changed at 2023-07-02 09:59:55
                    nohup.out
                    ...done in 3.684061759 seconds.
                    
      Regenerating: 1 file(s) changed at 2023-07-02 09:59:59
                    nohup.out
                    ...done in 3.872197184 seconds.
                    
      Regenerating: 1 file(s) changed at 2023-07-02 10:00:03
                    nohup.out
                    ...done in 3.878092194 seconds.
                    
      Regenerating: 1 file(s) changed at 2023-07-02 10:00:07
                    nohup.out
                    ...done in 3.706782472 seconds.
                    
      Regenerating: 1 file(s) changed at 2023-07-02 10:00:11
                    nohup.out
                    ...done in 3.636142998 seconds.
                    
      Regenerating: 1 file(s) changed at 2023-07-02 10:00:14
                    nohup.out
                    ...done in 3.782773802 seconds.
                    
      Regenerating: 1 file(s) changed at 2023-07-02 10:00:18
                    nohup.out
                    ...done in 3.862817103 seconds.
                    
      Regenerating: 1 file(s) changed at 2023-07-02 10:00:22
                    nohup.out
                    ...done in 3.689849842 seconds.
                    
      Regenerating: 1 file(s) changed at 2023-07-02 10:00:26
                    nohup.out
                    ...done in 3.489618283 seconds.
                    
      Regenerating: 1 file(s) changed at 2023-07-02 10:00:30
                    nohup.out
                    ...done in 3.674665405 seconds.
                    
      Regenerating: 1 file(s) changed at 2023-07-02 10:00:33
                    nohup.out
                    ...done in 3.797475288 seconds.
                    
      Regenerating: 1 file(s) changed at 2023-07-02 10:00:37
                    nohup.out
                    ...done in 3.691148398 seconds.
                    
      Regenerating: 1 file(s) changed at 2023-07-02 10:00:41
                    nohup.out
                    ...done in 3.759728816 seconds.
                    
      Regenerating: 1 file(s) changed at 2023-07-02 10:00:45
                    nohup.out
                    ...done in 3.805815644 seconds.
                    
      Regenerating: 1 file(s) changed at 2023-07-02 10:00:49
                    nohup.out
                    ...done in 3.755169797 seconds.
                    
      Regenerating: 1 file(s) changed at 2023-07-02 10:00:53
                    nohup.out
                    ...done in 3.750415712 seconds.
                    
      Regenerating: 1 file(s) changed at 2023-07-02 10:00:57
                    nohup.out
                    ...done in 4.02455978 seconds.
                    
      Regenerating: 1 file(s) changed at 2023-07-02 10:01:01
                    nohup.out
                    ...done in 4.682930929 seconds.
                    
      Regenerating: 1 file(s) changed at 2023-07-02 10:01:05
                    nohup.out
                    ...done in 5.274921586 seconds.
                    
      Regenerating: 1 file(s) changed at 2023-07-02 10:01:11
                    nohup.out
                    ...done in 4.340933211 seconds.
                    
      Regenerating: 1 file(s) changed at 2023-07-02 10:01:15
                    nohup.out
                    ...done in 4.035224239 seconds.
                    
      Regenerating: 1 file(s) changed at 2023-07-02 10:01:19
                    nohup.out
                    ...done in 4.197751188 seconds.
                    
      Regenerating: 1 file(s) changed at 2023-07-02 10:01:24
                    nohup.out
                    ...done in 3.700185825 seconds.
                    
      Regenerating: 1 file(s) changed at 2023-07-02 10:01:27
                    nohup.out
                    ...done in 4.366095904 seconds.
                    
      Regenerating: 1 file(s) changed at 2023-07-02 10:01:32
                    nohup.out
                    ...done in 3.899933699 seconds.
                    
      Regenerating: 1 file(s) changed at 2023-07-02 10:01:36
                    nohup.out
                    ...done in 4.142840475 seconds.
                    
      Regenerating: 1 file(s) changed at 2023-07-02 10:01:40
                    nohup.out
                    ...done in 3.951670841 seconds.
                    
      Regenerating: 1 file(s) changed at 2023-07-02 10:01:44
                    nohup.out
                    ...done in 3.997854493 seconds.
                    
      Regenerating: 1 file(s) changed at 2023-07-02 10:01:48
                    nohup.out
                    ...done in 3.636836822 seconds.
                    
      Regenerating: 1 file(s) changed at 2023-07-02 10:01:52
                    nohup.out
                    ...done in 4.021321262 seconds.
                    
      Regenerating: 1 file(s) changed at 2023-07-02 10:01:56
                    nohup.out
                    ...done in 3.802018772 seconds.
                    
      Regenerating: 1 file(s) changed at 2023-07-02 10:02:00
                    nohup.out
                    ...done in 4.536316614 seconds.
                    
      Regenerating: 1 file(s) changed at 2023-07-02 10:02:05
                    nohup.out
                    ...done in 3.977087365 seconds.
                    
      Regenerating: 1 file(s) changed at 2023-07-02 10:02:09
                    nohup.out
                    ...done in 4.312846283 seconds.
                    
      Regenerating: 1 file(s) changed at 2023-07-02 10:02:13
                    nohup.out
                    ...done in 3.693124465 seconds.
                    
      Regenerating: 1 file(s) changed at 2023-07-02 10:02:17
                    nohup.out
                    ...done in 3.848437998 seconds.
                    
      Regenerating: 1 file(s) changed at 2023-07-02 10:02:21
                    nohup.out
                    ...done in 3.629170568 seconds.
                    
      Regenerating: 1 file(s) changed at 2023-07-02 10:02:25
                    nohup.out
                    ...done in 3.92238344 seconds.
                    
      Regenerating: 1 file(s) changed at 2023-07-02 10:02:29
                    nohup.out
                    ...done in 3.550190068 seconds.
                    
      Regenerating: 1 file(s) changed at 2023-07-02 10:02:32
                    nohup.out
                    ...done in 3.716523907 seconds.
                    
      Regenerating: 1 file(s) changed at 2023-07-02 10:02:36
                    nohup.out
                    ...done in 4.173888222 seconds.
                    
      Regenerating: 1 file(s) changed at 2023-07-02 10:02:40
                    nohup.out
                    ...done in 3.920384796 seconds.
                    
      Regenerating: 1 file(s) changed at 2023-07-02 10:02:44
                    nohup.out
                    ...done in 4.261692105 seconds.
                    
      Regenerating: 1 file(s) changed at 2023-07-02 10:02:49
                    nohup.out
                    ...done in 3.583625684 seconds.
                    
      Regenerating: 1 file(s) changed at 2023-07-02 10:02:53
                    nohup.out
                    ...done in 4.120531115 seconds.
                    
      Regenerating: 1 file(s) changed at 2023-07-02 10:02:57
                    nohup.out
                    ...done in 4.312368988 seconds.
                    
      Regenerating: 1 file(s) changed at 2023-07-02 10:03:01
                    nohup.out
                    ...done in 4.466945418 seconds.
                    
      Regenerating: 1 file(s) changed at 2023-07-02 10:03:06
                    nohup.out
                    ...done in 4.190984359 seconds.
                    
      Regenerating: 1 file(s) changed at 2023-07-02 10:03:10
                    nohup.out
                    ...done in 3.711725679 seconds.
                    
      Regenerating: 1 file(s) changed at 2023-07-02 10:03:14
                    nohup.out
                    ...done in 4.282618401 seconds.
                    
      Regenerating: 1 file(s) changed at 2023-07-02 10:03:18
                    nohup.out
                    ...done in 4.194048849 seconds.
                    
      Regenerating: 1 file(s) changed at 2023-07-02 10:03:23
                    nohup.out
                    ...done in 3.93604486 seconds.
                    
      Regenerating: 1 file(s) changed at 2023-07-02 10:03:27
                    nohup.out
                    ...done in 4.087365784 seconds.
                    
      Regenerating: 1 file(s) changed at 2023-07-02 10:03:31
                    nohup.out
                    ...done in 4.128989996 seconds.
                    
      Regenerating: 1 file(s) changed at 2023-07-02 10:03:35
                    nohup.out
                    ...done in 3.788561428 seconds.
                    
      Regenerating: 1 file(s) changed at 2023-07-02 10:03:39
                    nohup.out
                    ...done in 4.080506963 seconds.
                    
      Regenerating: 1 file(s) changed at 2023-07-02 10:03:43
                    nohup.out
                    ...done in 4.353385443 seconds.
                    
      Regenerating: 1 file(s) changed at 2023-07-02 10:03:48
                    nohup.out
                    ...done in 4.297460485 seconds.
                    
      Regenerating: 1 file(s) changed at 2023-07-02 10:03:52
                    nohup.out
                    ...done in 5.025551265 seconds.
                    
      Regenerating: 1 file(s) changed at 2023-07-02 10:03:57
                    nohup.out
                    ...done in 4.502255361 seconds.
                    
      Regenerating: 1 file(s) changed at 2023-07-02 10:04:02
                    nohup.out
                    ...done in 5.297144108 seconds.
                    
      Regenerating: 1 file(s) changed at 2023-07-02 10:04:07
                    nohup.out
                    ...done in 4.022612765 seconds.
                    
      Regenerating: 1 file(s) changed at 2023-07-02 10:04:11
                    nohup.out
                    ...done in 4.211690027 seconds.
                    
      Regenerating: 1 file(s) changed at 2023-07-02 10:04:15
                    nohup.out
                    ...done in 4.694815672 seconds.
                    
      Regenerating: 1 file(s) changed at 2023-07-02 10:04:20
                    nohup.out
                    ...done in 4.272300069 seconds.
                    
      Regenerating: 1 file(s) changed at 2023-07-02 10:04:25
                    nohup.out
                    ...done in 4.237475592 seconds.
                    
      Regenerating: 1 file(s) changed at 2023-07-02 10:04:29
                    nohup.out
                    ...done in 214.937898399 seconds.
                    
      Regenerating: 1 file(s) changed at 2023-07-02 10:08:04
                    nohup.out
                    ...done in 4.169151385 seconds.
                    
      Regenerating: 1 file(s) changed at 2023-07-02 10:08:08
                    nohup.out
                    ...done in 4.221415688 seconds.
                    
      Regenerating: 1 file(s) changed at 2023-07-02 10:08:13
                    nohup.out
                    ...done in 3.516809347 seconds.
                    
      Regenerating: 1 file(s) changed at 2023-07-02 10:08:16
                    nohup.out
                    ...done in 3.535465596 seconds.
                    
      Regenerating: 1 file(s) changed at 2023-07-02 10:08:20
                    nohup.out
                    ...done in 9.161603459 seconds.
                    
      Regenerating: 1 file(s) changed at 2023-07-02 10:08:29
                    nohup.out
                    ...done in 4.929199453 seconds.
                    
      Regenerating: 1 file(s) changed at 2023-07-02 10:08:34
                    nohup.out
                    ...done in 3.725453378 seconds.
                    
      Regenerating: 1 file(s) changed at 2023-07-02 10:08:38
                    nohup.out
                    ...done in 3.544680089 seconds.
                    
      Regenerating: 1 file(s) changed at 2023-07-02 10:08:42
                    nohup.out
                    ...done in 3.881895405 seconds.
                    
      Regenerating: 1 file(s) changed at 2023-07-02 10:08:46
                    nohup.out
                    ...done in 3.558495578 seconds.
                    
      Regenerating: 1 file(s) changed at 2023-07-02 10:08:49
                    nohup.out
                    ...done in 3.495496131 seconds.
                    
      Regenerating: 1 file(s) changed at 2023-07-02 10:08:53
                    nohup.out
                    ...done in 3.421817551 seconds.
                    
      Regenerating: 1 file(s) changed at 2023-07-02 10:08:56
                    nohup.out
                    ...done in 3.423557364 seconds.
                    
      Regenerating: 1 file(s) changed at 2023-07-02 10:09:00
                    nohup.out
                    ...done in 3.591336287 seconds.
                    
      Regenerating: 1 file(s) changed at 2023-07-02 10:09:04
                    nohup.out
                    ...done in 3.65367378 seconds.
                    
      Regenerating: 1 file(s) changed at 2023-07-02 10:09:07
                    nohup.out
                    ...done in 3.404797192 seconds.
                    
      Regenerating: 1 file(s) changed at 2023-07-02 10:09:11
                    nohup.out
                    ...done in 3.460999837 seconds.
                    
      Regenerating: 1 file(s) changed at 2023-07-02 10:09:14
                    nohup.out
                    ...done in 3.676488022 seconds.
                    
      Regenerating: 1 file(s) changed at 2023-07-02 10:09:18
                    nohup.out
                    ...done in 3.521039625 seconds.
                    
      Regenerating: 1 file(s) changed at 2023-07-02 10:09:22
                    nohup.out
                    ...done in 3.574535228 seconds.
                    
      Regenerating: 1 file(s) changed at 2023-07-02 10:09:26
                    nohup.out
                    ...done in 3.431071155 seconds.
                    
      Regenerating: 1 file(s) changed at 2023-07-02 10:09:29
                    nohup.out
                    ...done in 3.51096413 seconds.
                    
      Regenerating: 1 file(s) changed at 2023-07-02 10:09:33
                    nohup.out
[31m                    ------------------------------------------------[0m
[31m      Jekyll 4.3.2   Please append `--trace` to the `build` command [0m
[31m                     for any additional information or backtrace. [0m
[31m                    ------------------------------------------------[0m
/home/christian/gems/gems/jekyll-watch-2.2.1/lib/jekyll/watcher.rb:123:in `sleep': SIGTERM (SignalException)
	from /home/christian/gems/gems/jekyll-watch-2.2.1/lib/jekyll/watcher.rb:123:in `block in sleep_forever'
	from /home/christian/gems/gems/jekyll-watch-2.2.1/lib/jekyll/watcher.rb:123:in `loop'
	from /home/christian/gems/gems/jekyll-watch-2.2.1/lib/jekyll/watcher.rb:123:in `sleep_forever'
	from /home/christian/gems/gems/jekyll-watch-2.2.1/lib/jekyll/watcher.rb:37:in `watch'
	from /home/christian/gems/gems/jekyll-4.3.2/lib/jekyll/commands/build.rb:77:in `watch'
	from /home/christian/gems/gems/jekyll-4.3.2/lib/jekyll/commands/build.rb:43:in `process'
	from /home/christian/gems/gems/jekyll-4.3.2/lib/jekyll/command.rb:91:in `block in process_with_graceful_fail'
	from /home/christian/gems/gems/jekyll-4.3.2/lib/jekyll/command.rb:91:in `each'
	from /home/christian/gems/gems/jekyll-4.3.2/lib/jekyll/command.rb:91:in `process_with_graceful_fail'
	from /home/christian/gems/gems/jekyll-4.3.2/lib/jekyll/commands/build.rb:18:in `block (2 levels) in init_with_program'
	from /home/christian/gems/gems/mercenary-0.4.0/lib/mercenary/command.rb:221:in `block in execute'
	from /home/christian/gems/gems/mercenary-0.4.0/lib/mercenary/command.rb:221:in `each'
	from /home/christian/gems/gems/mercenary-0.4.0/lib/mercenary/command.rb:221:in `execute'
	from /home/christian/gems/gems/mercenary-0.4.0/lib/mercenary/program.rb:44:in `go'
	from /home/christian/gems/gems/mercenary-0.4.0/lib/mercenary.rb:21:in `program'
	from /home/christian/gems/gems/jekyll-4.3.2/exe/jekyll:15:in `<top (required)>'
	from /home/christian/gems/bin/jekyll:25:in `load'
	from /home/christian/gems/bin/jekyll:25:in `<top (required)>'
	from /home/christian/gems/gems/bundler-2.3.16/lib/bundler/cli/exec.rb:58:in `load'
	from /home/christian/gems/gems/bundler-2.3.16/lib/bundler/cli/exec.rb:58:in `kernel_load'
	from /home/christian/gems/gems/bundler-2.3.16/lib/bundler/cli/exec.rb:23:in `run'
	from /home/christian/gems/gems/bundler-2.3.16/lib/bundler/cli.rb:479:in `exec'
	from /home/christian/gems/gems/bundler-2.3.16/lib/bundler/vendor/thor/lib/thor/command.rb:27:in `run'
	from /home/christian/gems/gems/bundler-2.3.16/lib/bundler/vendor/thor/lib/thor/invocation.rb:127:in `invoke_command'
	from /home/christian/gems/gems/bundler-2.3.16/lib/bundler/vendor/thor/lib/thor.rb:392:in `dispatch'
	from /home/christian/gems/gems/bundler-2.3.16/lib/bundler/cli.rb:31:in `dispatch'
	from /home/christian/gems/gems/bundler-2.3.16/lib/bundler/vendor/thor/lib/thor/base.rb:485:in `start'
	from /home/christian/gems/gems/bundler-2.3.16/lib/bundler/cli.rb:25:in `start'
	from /home/christian/gems/gems/bundler-2.3.16/exe/bundle:48:in `block in <top (required)>'
	from /home/christian/gems/gems/bundler-2.3.16/lib/bundler/friendly_errors.rb:117:in `with_friendly_errors'
	from /home/christian/gems/gems/bundler-2.3.16/exe/bundle:36:in `<top (required)>'
	from /home/christian/gems/bin/bundle:25:in `load'
	from /home/christian/gems/bin/bundle:25:in `<main>'
